[dotenv] Set [36mCLIENT_ID[0m and [36mCLIENT_SECRET[0m
[dotenv] Loaded [33m.env[0m
[dotenv] Set [36mCLIENT_ID[0m and [36mCLIENT_SECRET[0m
[dotenv] Loaded [33m.env[0m
[dotenv] Set [36mCLIENT_ID[0m and [36mCLIENT_SECRET[0m
[dotenv] Loaded [33m.env[0m
[dotenv] Set [36mCLIENT_ID[0m and [36mCLIENT_SECRET[0m
[dotenv] Loaded [33m.env[0m
[dotenv] Set [36mCLIENT_ID[0m and [36mCLIENT_SECRET[0m
[dotenv] Loaded [33m.env[0m
[dotenv] Set [36mCLIENT_ID[0m and [36mCLIENT_SECRET[0m
[dotenv] Loaded [33m.env[0m
[dotenv] Set [36mCLIENT_ID[0m and [36mCLIENT_SECRET[0m
[dotenv] Loaded [33m.env[0m
[dotenv] Set [36mCLIENT_ID[0m and [36mCLIENT_SECRET[0m
[dotenv] Loaded [33m.env[0m
[dotenv] Set [36mCLIENT_ID[0m and [36mCLIENT_SECRET[0m
[dotenv] Loaded [33m.env[0m
[dotenv] Set [36mCLIENT_ID[0m and [36mCLIENT_SECRET[0m
[dotenv] Loaded [33m.env[0m
[dotenv] Set [36mCLIENT_ID[0m and [36mCLIENT_SECRET[0m
[dotenv] Loaded [33m.env[0m
[dotenv] Set [36mCLIENT_ID[0m and [36mCLIENT_SECRET[0m
[dotenv] Loaded [33m.env[0m
[dotenv] Set [36mCLIENT_ID[0m and [36mCLIENT_SECRET[0m
[dotenv] Loaded [33m.env[0m
Started GET "/" for 127.0.0.1 at 2024-08-14 16:57:52 -0300
  [1m[35m (1.1ms)[0m  [1m[35mCREATE TABLE "schema_migrations" ("version" varchar NOT NULL PRIMARY KEY)[0m
  [1m[35m (0.2ms)[0m  [1m[35mCREATE TABLE "ar_internal_metadata" ("key" varchar NOT NULL PRIMARY KEY, "value" varchar, "created_at" datetime(6) NOT NULL, "updated_at" datetime(6) NOT NULL)[0m
  [1m[36mActiveRecord::SchemaMigration Load (0.1ms)[0m  [1m[34mSELECT "schema_migrations"."version" FROM "schema_migrations" ORDER BY "schema_migrations"."version" ASC[0m
Processing by Rails::WelcomeController#index as HTML
  Rendering /home/gustavo/.rbenv/versions/3.3.0/lib/ruby/gems/3.3.0/gems/railties-7.1.3.4/lib/rails/templates/rails/welcome/index.html.erb
  Rendered /home/gustavo/.rbenv/versions/3.3.0/lib/ruby/gems/3.3.0/gems/railties-7.1.3.4/lib/rails/templates/rails/welcome/index.html.erb (Duration: 2.3ms | Allocations: 373)
Completed 200 OK in 45ms (Views: 9.6ms | ActiveRecord: 0.0ms | Allocations: 6529)


[dotenv] Set [36mCLIENT_ID[0m and [36mCLIENT_SECRET[0m
[dotenv] Loaded [33m.env[0m
[dotenv] Set [36mCLIENT_ID[0m and [36mCLIENT_SECRET[0m
[dotenv] Loaded [33m.env[0m
[dotenv] Set [36mCLIENT_ID[0m and [36mCLIENT_SECRET[0m
[dotenv] Loaded [33m.env[0m
[dotenv] Set [36mCLIENT_ID[0m and [36mCLIENT_SECRET[0m
[dotenv] Loaded [33m.env[0m
[dotenv] Set [36mCLIENT_ID[0m and [36mCLIENT_SECRET[0m
[dotenv] Loaded [33m.env[0m
[dotenv] Set [36mCLIENT_ID[0m and [36mCLIENT_SECRET[0m
[dotenv] Loaded [33m.env[0m
[dotenv] Set [36mCLIENT_ID[0m and [36mCLIENT_SECRET[0m
[dotenv] Loaded [33m.env[0m
[dotenv] Set [36mCLIENT_ID[0m and [36mCLIENT_SECRET[0m
[dotenv] Loaded [33m.env[0m
Started GET "/" for 127.0.0.1 at 2024-08-16 09:14:33 -0300
  [1m[36mActiveRecord::SchemaMigration Load (0.1ms)[0m  [1m[34mSELECT "schema_migrations"."version" FROM "schema_migrations" ORDER BY "schema_migrations"."version" ASC[0m
Processing by Rails::WelcomeController#index as HTML
  Rendering /home/gustavo/.rbenv/versions/3.3.0/lib/ruby/gems/3.3.0/gems/railties-7.1.3.4/lib/rails/templates/rails/welcome/index.html.erb
  Rendered /home/gustavo/.rbenv/versions/3.3.0/lib/ruby/gems/3.3.0/gems/railties-7.1.3.4/lib/rails/templates/rails/welcome/index.html.erb (Duration: 0.8ms | Allocations: 373)
Completed 200 OK in 26ms (Views: 11.0ms | ActiveRecord: 0.0ms | Allocations: 4237)


[dotenv] Set [36mCLIENT_ID[0m and [36mCLIENT_SECRET[0m
[dotenv] Loaded [33m.env[0m
[dotenv] Set [36mCLIENT_ID[0m and [36mCLIENT_SECRET[0m
[dotenv] Loaded [33m.env[0m
[dotenv] Set [36mCLIENT_ID[0m and [36mCLIENT_SECRET[0m
[dotenv] Loaded [33m.env[0m
[dotenv] Set [36mCLIENT_ID[0m and [36mCLIENT_SECRET[0m
[dotenv] Loaded [33m.env[0m
[dotenv] Set [36mCLIENT_ID[0m and [36mCLIENT_SECRET[0m
[dotenv] Loaded [33m.env[0m
[dotenv] Set [36mCLIENT_ID[0m and [36mCLIENT_SECRET[0m
[dotenv] Loaded [33m.env[0m
[dotenv] Set [36mCLIENT_ID[0m and [36mCLIENT_SECRET[0m
[dotenv] Loaded [33m.env[0m
[dotenv] Set [36mCLIENT_ID[0m and [36mCLIENT_SECRET[0m
[dotenv] Loaded [33m.env[0m
[dotenv] Set [36mCLIENT_ID[0m and [36mCLIENT_SECRET[0m
[dotenv] Loaded [33m.env[0m
